1712436443509	geckodriver	INFO	Listening on 127.0.0.1:53951
1712436444342	mozrunner::runner	INFO	Running command: MOZ_CRASHREPORTER="1" MOZ_CRASHREPORTER_NO_REPORT="1" MOZ_CRASHREPORTER_SHUTDOWN="1" MOZ_NO_REMOTE="1" "/snap/firefox/current/firefox.launcher" "--marionette" "-no-remote" "-profile" "/tmp/rust_mozprofileoSsjBG"
Gtk-Message: 22:47:24.365: Not loading module "atk-bridge": The functionality is provided by GTK natively. Please try to not load it.
[13608, Main Thread] WARNING: GTK+ module /snap/firefox/4033/gnome-platform/usr/lib/gtk-2.0/modules/libcanberra-gtk-module.so cannot be loaded.
GTK+ 2.x symbols detected. Using GTK+ 2.x and GTK+ 3 in the same process is not supported.: 'glib warning', file /build/firefox/parts/firefox/build/toolkit/xre/nsSigHandlers.cpp:187

(firefox:13608): Gtk-WARNING **: 22:47:24.420: GTK+ module /snap/firefox/4033/gnome-platform/usr/lib/gtk-2.0/modules/libcanberra-gtk-module.so cannot be loaded.
GTK+ 2.x symbols detected. Using GTK+ 2.x and GTK+ 3 in the same process is not supported.
Gtk-Message: 22:47:24.420: Failed to load module "canberra-gtk-module"
[13608, Main Thread] WARNING: GTK+ module /snap/firefox/4033/gnome-platform/usr/lib/gtk-2.0/modules/libcanberra-gtk-module.so cannot be loaded.
GTK+ 2.x symbols detected. Using GTK+ 2.x and GTK+ 3 in the same process is not supported.: 'glib warning', file /build/firefox/parts/firefox/build/toolkit/xre/nsSigHandlers.cpp:187

(firefox:13608): Gtk-WARNING **: 22:47:24.421: GTK+ module /snap/firefox/4033/gnome-platform/usr/lib/gtk-2.0/modules/libcanberra-gtk-module.so cannot be loaded.
GTK+ 2.x symbols detected. Using GTK+ 2.x and GTK+ 3 in the same process is not supported.
Gtk-Message: 22:47:24.421: Failed to load module "canberra-gtk-module"
console.warn: services.settings: Ignoring preference override of remote settings server
console.warn: services.settings: Allow by setting MOZ_REMOTE_SETTINGS_DEVTOOLS=1 in the environment
1712436444845	Marionette	INFO	Marionette enabled
ATTENTION: default value of option mesa_glthread overridden by environment.
ATTENTION: default value of option mesa_glthread overridden by environment.
1712436445100	Marionette	INFO	Listening on port 46699
Read port: 46699
1712436445675	RemoteAgent	WARN	TLS certificate errors will be ignored for this session
console.error: ({})
console.error: (new TypeError("this._searchProviderInfo is null", "resource:///modules/SearchSERPTelemetry.sys.mjs", 923))
JavaScript error: chrome://global/content/elements/browser-custom-element.js, line 1677: Error: permitUnload is already running for this tab.
JavaScript warning: https://www.googletagmanager.com/gtag/js?id=G-ZV9Z2C9XY7&cx=c&_slc=1, line 284: Script terminated by timeout at:
Jl@https://www.googletagmanager.com/gtag/js?id=G-ZV9Z2C9XY7&cx=c&_slc=1:284:579
sm@https://www.googletagmanager.com/gtag/js?id=G-ZV9Z2C9XY7&cx=c&_slc=1:289:613
oG/<@https://www.googletagmanager.com/gtag/js?id=G-ZV9Z2C9XY7&cx=c&_slc=1:558:178
aa.nk/<@https://www.googletagmanager.com/gtag/js?id=G-ZV9Z2C9XY7&cx=c&_slc=1:507:126
aa.nk/c/<@https://www.googletagmanager.com/gtag/js?id=G-ZV9Z2C9XY7&cx=c&_slc=1:506:420

1712436453642	Marionette	INFO	Stopped listening on port 46699
JavaScript error: chrome://remote/content/marionette/cert.sys.mjs, line 47: NS_ERROR_NOT_AVAILABLE: Component returned failure code: 0x80040111 (NS_ERROR_NOT_AVAILABLE) [nsICertOverrideService.setDisableAllSecurityChecksAndLetAttackersInterceptMyData]
console.error: (new AbortError("IndexedDB: main/search-telemetry-v2 list() IndexedDB:  execute() A request was aborted, for example through a call to IDBTransaction.abort.", "resource://services-settings/IDBHelpers.sys.mjs", 16))
console.error: (new AbortError("IndexedDB: main/search-config list() IndexedDB:  execute() A request was aborted, for example through a call to IDBTransaction.abort.", "resource://services-settings/IDBHelpers.sys.mjs", 16))
console.error: (new AbortError("IndexedDB: main/search-config-overrides list() IndexedDB:  execute() A request was aborted, for example through a call to IDBTransaction.abort.", "resource://services-settings/IDBHelpers.sys.mjs", 16))
console.error: (new AbortError("IndexedDB: blocklists/gfx list() IndexedDB:  execute() A request was aborted, for example through a call to IDBTransaction.abort.", "resource://services-settings/IDBHelpers.sys.mjs", 16))
console.error: (new AbortError("IndexedDB: main/url-classifier-skip-urls list() IndexedDB:  execute() A request was aborted, for example through a call to IDBTransaction.abort.", "resource://services-settings/IDBHelpers.sys.mjs", 16))
console.error: (new AbortError("IndexedDB: main/top-sites list() IndexedDB:  execute() A request was aborted, for example through a call to IDBTransaction.abort.", "resource://services-settings/IDBHelpers.sys.mjs", 16))
console.error: (new AbortError("IndexedDB: main/translations-models list() IndexedDB:  execute() A request was aborted, for example through a call to IDBTransaction.abort.", "resource://services-settings/IDBHelpers.sys.mjs", 16))
1712436549705	geckodriver	INFO	Listening on 127.0.0.1:58101
1712436550597	mozrunner::runner	INFO	Running command: MOZ_CRASHREPORTER="1" MOZ_CRASHREPORTER_NO_REPORT="1" MOZ_CRASHREPORTER_SHUTDOWN="1" MOZ_NO_REMOTE="1" "/snap/firefox/current/firefox.launcher" "--marionette" "headless" "-no-remote" "-profile" "/tmp/rust_mozprofilerKTzS6"
Gtk-Message: 22:49:10.625: Not loading module "atk-bridge": The functionality is provided by GTK natively. Please try to not load it.
[14478, Main Thread] WARNING: GTK+ module /snap/firefox/4033/gnome-platform/usr/lib/gtk-2.0/modules/libcanberra-gtk-module.so cannot be loaded.
GTK+ 2.x symbols detected. Using GTK+ 2.x and GTK+ 3 in the same process is not supported.: 'glib warning', file /build/firefox/parts/firefox/build/toolkit/xre/nsSigHandlers.cpp:187

(firefox:14478): Gtk-WARNING **: 22:49:10.680: GTK+ module /snap/firefox/4033/gnome-platform/usr/lib/gtk-2.0/modules/libcanberra-gtk-module.so cannot be loaded.
GTK+ 2.x symbols detected. Using GTK+ 2.x and GTK+ 3 in the same process is not supported.
Gtk-Message: 22:49:10.680: Failed to load module "canberra-gtk-module"
[14478, Main Thread] WARNING: GTK+ module /snap/firefox/4033/gnome-platform/usr/lib/gtk-2.0/modules/libcanberra-gtk-module.so cannot be loaded.
GTK+ 2.x symbols detected. Using GTK+ 2.x and GTK+ 3 in the same process is not supported.: 'glib warning', file /build/firefox/parts/firefox/build/toolkit/xre/nsSigHandlers.cpp:187

(firefox:14478): Gtk-WARNING **: 22:49:10.681: GTK+ module /snap/firefox/4033/gnome-platform/usr/lib/gtk-2.0/modules/libcanberra-gtk-module.so cannot be loaded.
GTK+ 2.x symbols detected. Using GTK+ 2.x and GTK+ 3 in the same process is not supported.
Gtk-Message: 22:49:10.681: Failed to load module "canberra-gtk-module"
console.warn: services.settings: Ignoring preference override of remote settings server
console.warn: services.settings: Allow by setting MOZ_REMOTE_SETTINGS_DEVTOOLS=1 in the environment
1712436551053	Marionette	INFO	Marionette enabled
ATTENTION: default value of option mesa_glthread overridden by environment.
ATTENTION: default value of option mesa_glthread overridden by environment.
1712436551170	Marionette	INFO	Listening on port 37735
Read port: 37735
1712436551944	RemoteAgent	WARN	TLS certificate errors will be ignored for this session
console.error: ({})
JavaScript error: resource://activity-stream/lib/ActivityStreamPrefs.sys.mjs, line 34: NS_ERROR_ILLEGAL_VALUE: Component returned failure code: 0x80070057 (NS_ERROR_ILLEGAL_VALUE) [nsIPrefBranch.removeObserver]
1712436554752	Marionette	INFO	Stopped listening on port 37735
console.error: (new TypeError("NetworkError: Network request failed", "resource://services-settings/Utils.sys.mjs", 236))
Exiting due to channel error.
Exiting due to channel error.
Exiting due to channel error.
